Arguments: 
  /opt/homebrew/Cellar/node/18.10.0/bin/node /opt/homebrew/bin/yarn

PATH: 
  /Users/kay-umoren/.autojump/bin:/opt/homebrew/bin:/Library/Frameworks/Python.framework/Versions/3.10/bin:/usr/local/bin:/System/Cryptexes/App/usr/bin:/usr/bin:/bin:/usr/sbin:/sbin:/usr/local/go/bin:/Library/Apple/usr/bin:/Users/kay-umoren/.fig/bin:/Users/kay-umoren/.local/bin:/Users/kay-umoren/Library/Application Support/JetBrains/Toolbox/scripts:/Users/kay-umoren/dev/flutter/bin

Yarn version: 
  1.22.19

Node version: 
  18.10.0

Platform: 
  darwin arm64

Trace: 
  Error: getaddrinfo ENOTFOUND registry.yarnpkg.com
      at GetAddrInfoReqWrap.onlookup [as oncomplete] (node:dns:107:26)

npm manifest: 
  {
    "name": "hws-study-hub",
    "version": "1.0.0",
    "main": "node_modules/expo/AppEntry.js",
    "scripts": {
      "start": "expo start",
      "android": "expo start --android",
      "ios": "expo start --ios",
      "web": "expo start --web"
    },
    "dependencies": {
      "@expo/vector-icons": "^13.0.0",
      "@react-native-async-storage/async-storage": "^1.17.11",
      "@react-native-community/netinfo": "^9.3.7",
      "@react-native-picker/picker": "^2.4.8",
      "@react-navigation/bottom-tabs": "^6.5.5",
      "@react-navigation/elements": "^1.3.15",
      "@react-navigation/native": "^6.1.4",
      "@react-navigation/native-stack": "^6.9.10",
      "@rneui/base": "^4.0.0-rc.7",
      "@rneui/themed": "^4.0.0-rc.7",
      "expo": "~47.0.12",
      "expo-document-picker": "~11.0.1",
      "expo-file-system": "~15.1.1",
      "expo-image-picker": "~14.0.2",
      "expo-status-bar": "~1.4.2",
      "firebase": "^9.17.1",
      "formik": "^2.2.9",
      "lottie-react-native": "5.1.4",
      "moment": "^2.29.4",
      "react": "18.1.0",
      "react-native": "0.70.5",
      "react-native-gifted-chat": "^1.1.1",
      "react-native-paper": "^5.2.0",
      "react-native-safe-area-context": "4.4.1",
      "react-native-screens": "~3.18.0",
      "react-native-svg": "13.4.0",
      "yup": "^1.0.0"
    },
    "devDependencies": {
      "@babel/core": "^7.12.9"
    },
    "private": true
  }

yarn manifest: 
  No manifest

Lockfile: 
  No lockfile
